ERROR - 2026-03-13 14:14:59 --> Unknown column 'mes_evaluated' in 'evaluaciones'
in SYSTEMPATH\Database\MySQLi\Connection.php on line 300.
 1 SYSTEMPATH\Database\MySQLi\Connection.php(300): mysqli->query('ALTER TABLE `evaluaciones`
	ADD `departamento_id` INT(11) UNSIGNED NULL AFTER `observaciones`,
	ADD `mes_evaluado` VARCHAR(7) NULL AFTER `departamento_id`,
	ADD `estado_evaluacion` VARCHAR(20) NULL DEFAULT \'PENDIENTE\' AFTER `mes_evaluated`,
	ADD `orientacion_resultados` DECIMAL(3,2) NULL DEFAULT 0 AFTER `estado_evaluacion`,
	ADD `calidad_organizacion` DECIMAL(3,2) NULL DEFAULT 0 AFTER `orientacion_resultados`,
	ADD `relaciones_interpersonales` DECIMAL(3,2) NULL DEFAULT 0 AFTER `calidad_organizacion`,
	ADD `iniciativa` DECIMAL(3,2) NULL DEFAULT 0 AFTER `relaciones_interpersonales`,
	ADD `obs_orientacion` TEXT NULL AFTER `iniciativa`,
	ADD `obs_calidad` TEXT NULL AFTER `obs_orientacion`,
	ADD `obs_relaciones` TEXT NULL AFTER `obs_calidad`,
	ADD `obs_iniciativa` TEXT NULL AFTER `obs_relaciones`', 0)
 2 SYSTEMPATH\Database\BaseConnection.php(769): CodeIgniter\Database\MySQLi\Connection->execute('ALTER TABLE `evaluaciones`
	ADD `departamento_id` INT(11) UNSIGNED NULL AFTER `observaciones`,
	ADD `mes_evaluado` VARCHAR(7) NULL AFTER `departamento_id`,
	ADD `estado_evaluacion` VARCHAR(20) NULL DEFAULT \'PENDIENTE\' AFTER `mes_evaluated`,
	ADD `orientacion_resultados` DECIMAL(3,2) NULL DEFAULT 0 AFTER `estado_evaluacion`,
	ADD `calidad_organizacion` DECIMAL(3,2) NULL DEFAULT 0 AFTER `orientacion_resultados`,
	ADD `relaciones_interpersonales` DECIMAL(3,2) NULL DEFAULT 0 AFTER `calidad_organizacion`,
	ADD `iniciativa` DECIMAL(3,2) NULL DEFAULT 0 AFTER `relaciones_interpersonales`,
	ADD `obs_orientacion` TEXT NULL AFTER `iniciativa`,
	ADD `obs_calidad` TEXT NULL AFTER `obs_orientacion`,
	ADD `obs_relaciones` TEXT NULL AFTER `obs_calidad`,
	ADD `obs_iniciativa` TEXT NULL AFTER `obs_relaciones`')
 3 SYSTEMPATH\Database\BaseConnection.php(686): CodeIgniter\Database\BaseConnection->simpleQuery('ALTER TABLE `evaluaciones`
	ADD `departamento_id` INT(11) UNSIGNED NULL AFTER `observaciones`,
	ADD `mes_evaluado` VARCHAR(7) NULL AFTER `departamento_id`,
	ADD `estado_evaluacion` VARCHAR(20) NULL DEFAULT \'PENDIENTE\' AFTER `mes_evaluated`,
	ADD `orientacion_resultados` DECIMAL(3,2) NULL DEFAULT 0 AFTER `estado_evaluacion`,
	ADD `calidad_organizacion` DECIMAL(3,2) NULL DEFAULT 0 AFTER `orientacion_resultados`,
	ADD `relaciones_interpersonales` DECIMAL(3,2) NULL DEFAULT 0 AFTER `calidad_organizacion`,
	ADD `iniciativa` DECIMAL(3,2) NULL DEFAULT 0 AFTER `relaciones_interpersonales`,
	ADD `obs_orientacion` TEXT NULL AFTER `iniciativa`,
	ADD `obs_calidad` TEXT NULL AFTER `obs_orientacion`,
	ADD `obs_relaciones` TEXT NULL AFTER `obs_calidad`,
	ADD `obs_iniciativa` TEXT NULL AFTER `obs_relaciones`')
 4 SYSTEMPATH\Database\Forge.php(772): CodeIgniter\Database\BaseConnection->query('ALTER TABLE `evaluaciones`
	ADD `departamento_id` INT(11) UNSIGNED NULL AFTER `observaciones`,
	ADD `mes_evaluado` VARCHAR(7) NULL AFTER `departamento_id`,
	ADD `estado_evaluacion` VARCHAR(20) NULL DEFAULT \'PENDIENTE\' AFTER `mes_evaluated`,
	ADD `orientacion_resultados` DECIMAL(3,2) NULL DEFAULT 0 AFTER `estado_evaluacion`,
	ADD `calidad_organizacion` DECIMAL(3,2) NULL DEFAULT 0 AFTER `orientacion_resultados`,
	ADD `relaciones_interpersonales` DECIMAL(3,2) NULL DEFAULT 0 AFTER `calidad_organizacion`,
	ADD `iniciativa` DECIMAL(3,2) NULL DEFAULT 0 AFTER `relaciones_interpersonales`,
	ADD `obs_orientacion` TEXT NULL AFTER `iniciativa`,
	ADD `obs_calidad` TEXT NULL AFTER `obs_orientacion`,
	ADD `obs_relaciones` TEXT NULL AFTER `obs_calidad`,
	ADD `obs_iniciativa` TEXT NULL AFTER `obs_relaciones`')
 5 APPPATH\Database\Migrations\2024-01-01-000010_AddEvaluacionEsquemaCampos.php(85): CodeIgniter\Database\Forge->addColumn('evaluaciones', [...])
 6 SYSTEMPATH\Database\MigrationRunner.php(1014): App\Database\Migrations\AddEvaluacionEsquemaCampos->up()
 7 SYSTEMPATH\Database\MigrationRunner.php(202): CodeIgniter\Database\MigrationRunner->migrate('up', Object(stdClass))
 8 SYSTEMPATH\Commands\Database\Migrate.php(89): CodeIgniter\Database\MigrationRunner->latest(null)
 9 SYSTEMPATH\CLI\SignalTrait.php(245): CodeIgniter\Commands\Database\Migrate::CodeIgniter\Commands\Database\{closure}()
10 SYSTEMPATH\Commands\Database\Migrate.php(88): CodeIgniter\Commands\Database\Migrate->withSignalsBlocked(Object(Closure))
11 SYSTEMPATH\CLI\Commands.php(74): CodeIgniter\Commands\Database\Migrate->run([])
12 SYSTEMPATH\CLI\Console.php(47): CodeIgniter\CLI\Commands->run('migrate', [])
13 SYSTEMPATH\Boot.php(442): CodeIgniter\CLI\Console->run()
14 SYSTEMPATH\Boot.php(166): CodeIgniter\Boot::runCommand(Object(CodeIgniter\CLI\Console))
15 ROOTPATH\spark(87): CodeIgniter\Boot::bootSpark(Object(Config\Paths))
ERROR - 2026-03-13 14:15:44 --> Duplicate column name 'mes_evaluado'
in SYSTEMPATH\Database\MySQLi\Connection.php on line 300.
 1 SYSTEMPATH\Database\MySQLi\Connection.php(300): mysqli->query('ALTER TABLE `evaluaciones`
	ADD `departamento_id` INT(11) UNSIGNED NULL AFTER `observaciones`,
	ADD `mes_evaluado` VARCHAR(7) NULL AFTER `departamento_id`,
	ADD `estado_evaluacion` VARCHAR(20) NULL DEFAULT \'PENDIENTE\' AFTER `mes_evaluado`,
	ADD `orientacion_resultados` DECIMAL(3,2) NULL DEFAULT 0 AFTER `estado_evaluacion`,
	ADD `calidad_organizacion` DECIMAL(3,2) NULL DEFAULT 0 AFTER `orientacion_resultados`,
	ADD `relaciones_interpersonales` DECIMAL(3,2) NULL DEFAULT 0 AFTER `calidad_organizacion`,
	ADD `iniciativa` DECIMAL(3,2) NULL DEFAULT 0 AFTER `relaciones_interpersonales`,
	ADD `obs_orientacion` TEXT NULL AFTER `iniciativa`,
	ADD `obs_calidad` TEXT NULL AFTER `obs_orientacion`,
	ADD `obs_relaciones` TEXT NULL AFTER `obs_calidad`,
	ADD `obs_iniciativa` TEXT NULL AFTER `obs_relaciones`', 0)
 2 SYSTEMPATH\Database\BaseConnection.php(769): CodeIgniter\Database\MySQLi\Connection->execute('ALTER TABLE `evaluaciones`
	ADD `departamento_id` INT(11) UNSIGNED NULL AFTER `observaciones`,
	ADD `mes_evaluado` VARCHAR(7) NULL AFTER `departamento_id`,
	ADD `estado_evaluacion` VARCHAR(20) NULL DEFAULT \'PENDIENTE\' AFTER `mes_evaluado`,
	ADD `orientacion_resultados` DECIMAL(3,2) NULL DEFAULT 0 AFTER `estado_evaluacion`,
	ADD `calidad_organizacion` DECIMAL(3,2) NULL DEFAULT 0 AFTER `orientacion_resultados`,
	ADD `relaciones_interpersonales` DECIMAL(3,2) NULL DEFAULT 0 AFTER `calidad_organizacion`,
	ADD `iniciativa` DECIMAL(3,2) NULL DEFAULT 0 AFTER `relaciones_interpersonales`,
	ADD `obs_orientacion` TEXT NULL AFTER `iniciativa`,
	ADD `obs_calidad` TEXT NULL AFTER `obs_orientacion`,
	ADD `obs_relaciones` TEXT NULL AFTER `obs_calidad`,
	ADD `obs_iniciativa` TEXT NULL AFTER `obs_relaciones`')
 3 SYSTEMPATH\Database\BaseConnection.php(686): CodeIgniter\Database\BaseConnection->simpleQuery('ALTER TABLE `evaluaciones`
	ADD `departamento_id` INT(11) UNSIGNED NULL AFTER `observaciones`,
	ADD `mes_evaluado` VARCHAR(7) NULL AFTER `departamento_id`,
	ADD `estado_evaluacion` VARCHAR(20) NULL DEFAULT \'PENDIENTE\' AFTER `mes_evaluado`,
	ADD `orientacion_resultados` DECIMAL(3,2) NULL DEFAULT 0 AFTER `estado_evaluacion`,
	ADD `calidad_organizacion` DECIMAL(3,2) NULL DEFAULT 0 AFTER `orientacion_resultados`,
	ADD `relaciones_interpersonales` DECIMAL(3,2) NULL DEFAULT 0 AFTER `calidad_organizacion`,
	ADD `iniciativa` DECIMAL(3,2) NULL DEFAULT 0 AFTER `relaciones_interpersonales`,
	ADD `obs_orientacion` TEXT NULL AFTER `iniciativa`,
	ADD `obs_calidad` TEXT NULL AFTER `obs_orientacion`,
	ADD `obs_relaciones` TEXT NULL AFTER `obs_calidad`,
	ADD `obs_iniciativa` TEXT NULL AFTER `obs_relaciones`')
 4 SYSTEMPATH\Database\Forge.php(772): CodeIgniter\Database\BaseConnection->query('ALTER TABLE `evaluaciones`
	ADD `departamento_id` INT(11) UNSIGNED NULL AFTER `observaciones`,
	ADD `mes_evaluado` VARCHAR(7) NULL AFTER `departamento_id`,
	ADD `estado_evaluacion` VARCHAR(20) NULL DEFAULT \'PENDIENTE\' AFTER `mes_evaluado`,
	ADD `orientacion_resultados` DECIMAL(3,2) NULL DEFAULT 0 AFTER `estado_evaluacion`,
	ADD `calidad_organizacion` DECIMAL(3,2) NULL DEFAULT 0 AFTER `orientacion_resultados`,
	ADD `relaciones_interpersonales` DECIMAL(3,2) NULL DEFAULT 0 AFTER `calidad_organizacion`,
	ADD `iniciativa` DECIMAL(3,2) NULL DEFAULT 0 AFTER `relaciones_interpersonales`,
	ADD `obs_orientacion` TEXT NULL AFTER `iniciativa`,
	ADD `obs_calidad` TEXT NULL AFTER `obs_orientacion`,
	ADD `obs_relaciones` TEXT NULL AFTER `obs_calidad`,
	ADD `obs_iniciativa` TEXT NULL AFTER `obs_relaciones`')
 5 APPPATH\Database\Migrations\2024-01-01-000010_AddEvaluacionEsquemaCampos.php(85): CodeIgniter\Database\Forge->addColumn('evaluaciones', [...])
 6 SYSTEMPATH\Database\MigrationRunner.php(1014): App\Database\Migrations\AddEvaluacionEsquemaCampos->up()
 7 SYSTEMPATH\Database\MigrationRunner.php(202): CodeIgniter\Database\MigrationRunner->migrate('up', Object(stdClass))
 8 SYSTEMPATH\Commands\Database\Migrate.php(89): CodeIgniter\Database\MigrationRunner->latest(null)
 9 SYSTEMPATH\CLI\SignalTrait.php(245): CodeIgniter\Commands\Database\Migrate::CodeIgniter\Commands\Database\{closure}()
10 SYSTEMPATH\Commands\Database\Migrate.php(88): CodeIgniter\Commands\Database\Migrate->withSignalsBlocked(Object(Closure))
11 SYSTEMPATH\CLI\Commands.php(74): CodeIgniter\Commands\Database\Migrate->run([])
12 SYSTEMPATH\CLI\Console.php(47): CodeIgniter\CLI\Commands->run('migrate', [])
13 SYSTEMPATH\Boot.php(442): CodeIgniter\CLI\Console->run()
14 SYSTEMPATH\Boot.php(166): CodeIgniter\Boot::runCommand(Object(CodeIgniter\CLI\Console))
15 ROOTPATH\spark(87): CodeIgniter\Boot::bootSpark(Object(Config\Paths))
CRITICAL - 2026-03-13 14:26:21 --> ErrorException: Undefined array key "rol"
[Method: GET, Route: evaluaciones]
in APPPATH\Controllers\EvaluacionController.php on line 34.
 1 APPPATH\Controllers\EvaluacionController.php(34): CodeIgniter\Debug\Exceptions->errorHandler(2, 'Undefined array key "rol"', 'C:\\xampp\\htdocs\\aurys\\app\\Controllers\\EvaluacionController.php', 34)
 2 SYSTEMPATH\CodeIgniter.php(951): App\Controllers\EvaluacionController->index()
 3 SYSTEMPATH\CodeIgniter.php(497): CodeIgniter\CodeIgniter->runController(Object(App\Controllers\EvaluacionController))
 4 SYSTEMPATH\CodeIgniter.php(340): CodeIgniter\CodeIgniter->handleRequest(null, Object(Config\Cache), false)
 5 SYSTEMPATH\Boot.php(417): CodeIgniter\CodeIgniter->run()
 6 SYSTEMPATH\Boot.php(68): CodeIgniter\Boot::runCodeIgniter(Object(CodeIgniter\CodeIgniter))
 7 FCPATH\index.php(59): CodeIgniter\Boot::bootWeb(Object(Config\Paths))
 8 SYSTEMPATH\rewrite.php(44): require_once('C:\\xampp\\htdocs\\aurys\\public\\index.php')
