ERROR - 2026-04-21 12:19:16 --> Unknown column 'updated_at' in 'field list'
in SYSTEMPATH\Database\MySQLi\Connection.php on line 300.
 1 SYSTEMPATH\Database\MySQLi\Connection.php(300): mysqli->query('INSERT INTO `audit_logs` (`user_id`, `action`, `entity_type`, `entity_id`, `old_data`, `new_data`, `ip_address`, `user_agent`, `created_at`, `updated_at`) VALUES (\'1\', \'LOGIN\', \'usuarios\', \'1\', NULL, NULL, \'::1\', \'Mozilla/5.0 (Windows NT 10.0; Win64; x64) AppleWebKit/537.36 (KHTML, like Gecko) Chrome/147.0.0.0 Safari/537.36 Edg/147.0.0.0\', \'2026-04-21 12:19:16\', \'2026-04-21 12:19:16\')', 0)
 2 SYSTEMPATH\Database\BaseConnection.php(769): CodeIgniter\Database\MySQLi\Connection->execute('INSERT INTO `audit_logs` (`user_id`, `action`, `entity_type`, `entity_id`, `old_data`, `new_data`, `ip_address`, `user_agent`, `created_at`, `updated_at`) VALUES (\'1\', \'LOGIN\', \'usuarios\', \'1\', NULL, NULL, \'::1\', \'Mozilla/5.0 (Windows NT 10.0; Win64; x64) AppleWebKit/537.36 (KHTML, like Gecko) Chrome/147.0.0.0 Safari/537.36 Edg/147.0.0.0\', \'2026-04-21 12:19:16\', \'2026-04-21 12:19:16\')')
 3 SYSTEMPATH\Database\BaseConnection.php(686): CodeIgniter\Database\BaseConnection->simpleQuery('INSERT INTO `audit_logs` (`user_id`, `action`, `entity_type`, `entity_id`, `old_data`, `new_data`, `ip_address`, `user_agent`, `created_at`, `updated_at`) VALUES (\'1\', \'LOGIN\', \'usuarios\', \'1\', NULL, NULL, \'::1\', \'Mozilla/5.0 (Windows NT 10.0; Win64; x64) AppleWebKit/537.36 (KHTML, like Gecko) Chrome/147.0.0.0 Safari/537.36 Edg/147.0.0.0\', \'2026-04-21 12:19:16\', \'2026-04-21 12:19:16\')')
 4 SYSTEMPATH\Database\BaseBuilder.php(2345): CodeIgniter\Database\BaseConnection->query('INSERT INTO `audit_logs` (`user_id`, `action`, `entity_type`, `entity_id`, `old_data`, `new_data`, `ip_address`, `user_agent`, `created_at`, `updated_at`) VALUES (:user_id:, :action:, :entity_type:, :entity_id:, :old_data:, :new_data:, :ip_address:, :user_agent:, :created_at:, :updated_at:)', [...], false)
 5 SYSTEMPATH\Model.php(356): CodeIgniter\Database\BaseBuilder->insert()
 6 SYSTEMPATH\BaseModel.php(898): CodeIgniter\Model->doInsert([...])
 7 SYSTEMPATH\Model.php(665): CodeIgniter\BaseModel->insert([...], true)
 8 APPPATH\Models\AuditLogModel.php(31): CodeIgniter\Model->insert([...])
 9 APPPATH\Controllers\AuthController.php(124): App\Models\AuditLogModel->log('1', 'LOGIN', 'usuarios', '1')
10 SYSTEMPATH\CodeIgniter.php(951): App\Controllers\AuthController->attemptLogin()
11 SYSTEMPATH\CodeIgniter.php(497): CodeIgniter\CodeIgniter->runController(Object(App\Controllers\AuthController))
12 SYSTEMPATH\CodeIgniter.php(340): CodeIgniter\CodeIgniter->handleRequest(null, Object(Config\Cache), false)
13 SYSTEMPATH\Boot.php(417): CodeIgniter\CodeIgniter->run()
14 SYSTEMPATH\Boot.php(68): CodeIgniter\Boot::runCodeIgniter(Object(CodeIgniter\CodeIgniter))
15 FCPATH\index.php(59): CodeIgniter\Boot::bootWeb(Object(Config\Paths))
16 SYSTEMPATH\rewrite.php(44): require_once('C:\\Users\\Usuario\\Desktop\\sistema\\Nueva-carpeta\\public\\index.php')
CRITICAL - 2026-04-21 12:19:16 --> CodeIgniter\Database\Exceptions\DatabaseException: Unknown column 'updated_at' in 'field list'
[Method: POST, Route: login]
in SYSTEMPATH\Database\BaseConnection.php on line 724.
 1 SYSTEMPATH\Database\BaseBuilder.php(2345): CodeIgniter\Database\BaseConnection->query('INSERT INTO `audit_logs` (`user_id`, `action`, `entity_type`, `entity_id`, `old_data`, `new_data`, `ip_address`, `user_agent`, `created_at`, `updated_at`) VALUES (:user_id:, :action:, :entity_type:, :entity_id:, :old_data:, :new_data:, :ip_address:, :user_agent:, :created_at:, :updated_at:)', [...], false)
 2 SYSTEMPATH\Model.php(356): CodeIgniter\Database\BaseBuilder->insert()
 3 SYSTEMPATH\BaseModel.php(898): CodeIgniter\Model->doInsert([...])
 4 SYSTEMPATH\Model.php(665): CodeIgniter\BaseModel->insert([...], true)
 5 APPPATH\Models\AuditLogModel.php(31): CodeIgniter\Model->insert([...])
 6 APPPATH\Controllers\AuthController.php(124): App\Models\AuditLogModel->log('1', 'LOGIN', 'usuarios', '1')
 7 SYSTEMPATH\CodeIgniter.php(951): App\Controllers\AuthController->attemptLogin()
 8 SYSTEMPATH\CodeIgniter.php(497): CodeIgniter\CodeIgniter->runController(Object(App\Controllers\AuthController))
 9 SYSTEMPATH\CodeIgniter.php(340): CodeIgniter\CodeIgniter->handleRequest(null, Object(Config\Cache), false)
10 SYSTEMPATH\Boot.php(417): CodeIgniter\CodeIgniter->run()
11 SYSTEMPATH\Boot.php(68): CodeIgniter\Boot::runCodeIgniter(Object(CodeIgniter\CodeIgniter))
12 FCPATH\index.php(59): CodeIgniter\Boot::bootWeb(Object(Config\Paths))
13 SYSTEMPATH\rewrite.php(44): require_once('C:\\Users\\Usuario\\Desktop\\sistema\\Nueva-carpeta\\public\\index.php')
CRITICAL - 2026-04-21 12:19:16 --> [Caused by] CodeIgniter\Database\Exceptions\DatabaseException: Unknown column 'updated_at' in 'field list'
in SYSTEMPATH\Database\MySQLi\Connection.php on line 310.
 1 SYSTEMPATH\Database\BaseConnection.php(769): CodeIgniter\Database\MySQLi\Connection->execute('INSERT INTO `audit_logs` (`user_id`, `action`, `entity_type`, `entity_id`, `old_data`, `new_data`, `ip_address`, `user_agent`, `created_at`, `updated_at`) VALUES (\'1\', \'LOGIN\', \'usuarios\', \'1\', NULL, NULL, \'::1\', \'Mozilla/5.0 (Windows NT 10.0; Win64; x64) AppleWebKit/537.36 (KHTML, like Gecko) Chrome/147.0.0.0 Safari/537.36 Edg/147.0.0.0\', \'2026-04-21 12:19:16\', \'2026-04-21 12:19:16\')')
 2 SYSTEMPATH\Database\BaseConnection.php(686): CodeIgniter\Database\BaseConnection->simpleQuery('INSERT INTO `audit_logs` (`user_id`, `action`, `entity_type`, `entity_id`, `old_data`, `new_data`, `ip_address`, `user_agent`, `created_at`, `updated_at`) VALUES (\'1\', \'LOGIN\', \'usuarios\', \'1\', NULL, NULL, \'::1\', \'Mozilla/5.0 (Windows NT 10.0; Win64; x64) AppleWebKit/537.36 (KHTML, like Gecko) Chrome/147.0.0.0 Safari/537.36 Edg/147.0.0.0\', \'2026-04-21 12:19:16\', \'2026-04-21 12:19:16\')')
 3 SYSTEMPATH\Database\BaseBuilder.php(2345): CodeIgniter\Database\BaseConnection->query('INSERT INTO `audit_logs` (`user_id`, `action`, `entity_type`, `entity_id`, `old_data`, `new_data`, `ip_address`, `user_agent`, `created_at`, `updated_at`) VALUES (:user_id:, :action:, :entity_type:, :entity_id:, :old_data:, :new_data:, :ip_address:, :user_agent:, :created_at:, :updated_at:)', [...], false)
 4 SYSTEMPATH\Model.php(356): CodeIgniter\Database\BaseBuilder->insert()
 5 SYSTEMPATH\BaseModel.php(898): CodeIgniter\Model->doInsert([...])
 6 SYSTEMPATH\Model.php(665): CodeIgniter\BaseModel->insert([...], true)
 7 APPPATH\Models\AuditLogModel.php(31): CodeIgniter\Model->insert([...])
 8 APPPATH\Controllers\AuthController.php(124): App\Models\AuditLogModel->log('1', 'LOGIN', 'usuarios', '1')
 9 SYSTEMPATH\CodeIgniter.php(951): App\Controllers\AuthController->attemptLogin()
10 SYSTEMPATH\CodeIgniter.php(497): CodeIgniter\CodeIgniter->runController(Object(App\Controllers\AuthController))
11 SYSTEMPATH\CodeIgniter.php(340): CodeIgniter\CodeIgniter->handleRequest(null, Object(Config\Cache), false)
12 SYSTEMPATH\Boot.php(417): CodeIgniter\CodeIgniter->run()
13 SYSTEMPATH\Boot.php(68): CodeIgniter\Boot::runCodeIgniter(Object(CodeIgniter\CodeIgniter))
14 FCPATH\index.php(59): CodeIgniter\Boot::bootWeb(Object(Config\Paths))
15 SYSTEMPATH\rewrite.php(44): require_once('C:\\Users\\Usuario\\Desktop\\sistema\\Nueva-carpeta\\public\\index.php')
CRITICAL - 2026-04-21 12:19:16 --> [Caused by] mysqli_sql_exception: Unknown column 'updated_at' in 'field list'
in SYSTEMPATH\Database\MySQLi\Connection.php on line 300.
 1 SYSTEMPATH\Database\MySQLi\Connection.php(300): mysqli->query('INSERT INTO `audit_logs` (`user_id`, `action`, `entity_type`, `entity_id`, `old_data`, `new_data`, `ip_address`, `user_agent`, `created_at`, `updated_at`) VALUES (\'1\', \'LOGIN\', \'usuarios\', \'1\', NULL, NULL, \'::1\', \'Mozilla/5.0 (Windows NT 10.0; Win64; x64) AppleWebKit/537.36 (KHTML, like Gecko) Chrome/147.0.0.0 Safari/537.36 Edg/147.0.0.0\', \'2026-04-21 12:19:16\', \'2026-04-21 12:19:16\')', 0)
 2 SYSTEMPATH\Database\BaseConnection.php(769): CodeIgniter\Database\MySQLi\Connection->execute('INSERT INTO `audit_logs` (`user_id`, `action`, `entity_type`, `entity_id`, `old_data`, `new_data`, `ip_address`, `user_agent`, `created_at`, `updated_at`) VALUES (\'1\', \'LOGIN\', \'usuarios\', \'1\', NULL, NULL, \'::1\', \'Mozilla/5.0 (Windows NT 10.0; Win64; x64) AppleWebKit/537.36 (KHTML, like Gecko) Chrome/147.0.0.0 Safari/537.36 Edg/147.0.0.0\', \'2026-04-21 12:19:16\', \'2026-04-21 12:19:16\')')
 3 SYSTEMPATH\Database\BaseConnection.php(686): CodeIgniter\Database\BaseConnection->simpleQuery('INSERT INTO `audit_logs` (`user_id`, `action`, `entity_type`, `entity_id`, `old_data`, `new_data`, `ip_address`, `user_agent`, `created_at`, `updated_at`) VALUES (\'1\', \'LOGIN\', \'usuarios\', \'1\', NULL, NULL, \'::1\', \'Mozilla/5.0 (Windows NT 10.0; Win64; x64) AppleWebKit/537.36 (KHTML, like Gecko) Chrome/147.0.0.0 Safari/537.36 Edg/147.0.0.0\', \'2026-04-21 12:19:16\', \'2026-04-21 12:19:16\')')
 4 SYSTEMPATH\Database\BaseBuilder.php(2345): CodeIgniter\Database\BaseConnection->query('INSERT INTO `audit_logs` (`user_id`, `action`, `entity_type`, `entity_id`, `old_data`, `new_data`, `ip_address`, `user_agent`, `created_at`, `updated_at`) VALUES (:user_id:, :action:, :entity_type:, :entity_id:, :old_data:, :new_data:, :ip_address:, :user_agent:, :created_at:, :updated_at:)', [...], false)
 5 SYSTEMPATH\Model.php(356): CodeIgniter\Database\BaseBuilder->insert()
 6 SYSTEMPATH\BaseModel.php(898): CodeIgniter\Model->doInsert([...])
 7 SYSTEMPATH\Model.php(665): CodeIgniter\BaseModel->insert([...], true)
 8 APPPATH\Models\AuditLogModel.php(31): CodeIgniter\Model->insert([...])
 9 APPPATH\Controllers\AuthController.php(124): App\Models\AuditLogModel->log('1', 'LOGIN', 'usuarios', '1')
10 SYSTEMPATH\CodeIgniter.php(951): App\Controllers\AuthController->attemptLogin()
11 SYSTEMPATH\CodeIgniter.php(497): CodeIgniter\CodeIgniter->runController(Object(App\Controllers\AuthController))
12 SYSTEMPATH\CodeIgniter.php(340): CodeIgniter\CodeIgniter->handleRequest(null, Object(Config\Cache), false)
13 SYSTEMPATH\Boot.php(417): CodeIgniter\CodeIgniter->run()
14 SYSTEMPATH\Boot.php(68): CodeIgniter\Boot::runCodeIgniter(Object(CodeIgniter\CodeIgniter))
15 FCPATH\index.php(59): CodeIgniter\Boot::bootWeb(Object(Config\Paths))
16 SYSTEMPATH\rewrite.php(44): require_once('C:\\Users\\Usuario\\Desktop\\sistema\\Nueva-carpeta\\public\\index.php')
ERROR - 2026-04-21 16:29:26 --> Unknown column 'updated_at' in 'field list'
in SYSTEMPATH\Database\MySQLi\Connection.php on line 300.
 1 SYSTEMPATH\Database\MySQLi\Connection.php(300): mysqli->query('INSERT INTO `audit_logs` (`user_id`, `action`, `entity_type`, `entity_id`, `old_data`, `new_data`, `ip_address`, `user_agent`, `created_at`, `updated_at`) VALUES (\'1\', \'LOGIN\', \'usuarios\', \'1\', NULL, NULL, \'::1\', \'Mozilla/5.0 (Windows NT 10.0; Win64; x64) AppleWebKit/537.36 (KHTML, like Gecko) Chrome/147.0.0.0 Safari/537.36\', \'2026-04-21 16:29:26\', \'2026-04-21 16:29:26\')', 0)
 2 SYSTEMPATH\Database\BaseConnection.php(769): CodeIgniter\Database\MySQLi\Connection->execute('INSERT INTO `audit_logs` (`user_id`, `action`, `entity_type`, `entity_id`, `old_data`, `new_data`, `ip_address`, `user_agent`, `created_at`, `updated_at`) VALUES (\'1\', \'LOGIN\', \'usuarios\', \'1\', NULL, NULL, \'::1\', \'Mozilla/5.0 (Windows NT 10.0; Win64; x64) AppleWebKit/537.36 (KHTML, like Gecko) Chrome/147.0.0.0 Safari/537.36\', \'2026-04-21 16:29:26\', \'2026-04-21 16:29:26\')')
 3 SYSTEMPATH\Database\BaseConnection.php(686): CodeIgniter\Database\BaseConnection->simpleQuery('INSERT INTO `audit_logs` (`user_id`, `action`, `entity_type`, `entity_id`, `old_data`, `new_data`, `ip_address`, `user_agent`, `created_at`, `updated_at`) VALUES (\'1\', \'LOGIN\', \'usuarios\', \'1\', NULL, NULL, \'::1\', \'Mozilla/5.0 (Windows NT 10.0; Win64; x64) AppleWebKit/537.36 (KHTML, like Gecko) Chrome/147.0.0.0 Safari/537.36\', \'2026-04-21 16:29:26\', \'2026-04-21 16:29:26\')')
 4 SYSTEMPATH\Database\BaseBuilder.php(2345): CodeIgniter\Database\BaseConnection->query('INSERT INTO `audit_logs` (`user_id`, `action`, `entity_type`, `entity_id`, `old_data`, `new_data`, `ip_address`, `user_agent`, `created_at`, `updated_at`) VALUES (:user_id:, :action:, :entity_type:, :entity_id:, :old_data:, :new_data:, :ip_address:, :user_agent:, :created_at:, :updated_at:)', [...], false)
 5 SYSTEMPATH\Model.php(356): CodeIgniter\Database\BaseBuilder->insert()
 6 SYSTEMPATH\BaseModel.php(898): CodeIgniter\Model->doInsert([...])
 7 SYSTEMPATH\Model.php(665): CodeIgniter\BaseModel->insert([...], true)
 8 APPPATH\Models\AuditLogModel.php(31): CodeIgniter\Model->insert([...])
 9 APPPATH\Controllers\AuthController.php(124): App\Models\AuditLogModel->log('1', 'LOGIN', 'usuarios', '1')
10 SYSTEMPATH\CodeIgniter.php(951): App\Controllers\AuthController->attemptLogin()
11 SYSTEMPATH\CodeIgniter.php(497): CodeIgniter\CodeIgniter->runController(Object(App\Controllers\AuthController))
12 SYSTEMPATH\CodeIgniter.php(340): CodeIgniter\CodeIgniter->handleRequest(null, Object(Config\Cache), false)
13 SYSTEMPATH\Boot.php(417): CodeIgniter\CodeIgniter->run()
14 SYSTEMPATH\Boot.php(68): CodeIgniter\Boot::runCodeIgniter(Object(CodeIgniter\CodeIgniter))
15 FCPATH\index.php(59): CodeIgniter\Boot::bootWeb(Object(Config\Paths))
16 SYSTEMPATH\rewrite.php(44): require_once('C:\\Users\\Usuario\\Desktop\\sistema\\Nueva-carpeta\\public\\index.php')
CRITICAL - 2026-04-21 16:29:26 --> CodeIgniter\Database\Exceptions\DatabaseException: Unknown column 'updated_at' in 'field list'
[Method: POST, Route: login]
in SYSTEMPATH\Database\BaseConnection.php on line 724.
 1 SYSTEMPATH\Database\BaseBuilder.php(2345): CodeIgniter\Database\BaseConnection->query('INSERT INTO `audit_logs` (`user_id`, `action`, `entity_type`, `entity_id`, `old_data`, `new_data`, `ip_address`, `user_agent`, `created_at`, `updated_at`) VALUES (:user_id:, :action:, :entity_type:, :entity_id:, :old_data:, :new_data:, :ip_address:, :user_agent:, :created_at:, :updated_at:)', [...], false)
 2 SYSTEMPATH\Model.php(356): CodeIgniter\Database\BaseBuilder->insert()
 3 SYSTEMPATH\BaseModel.php(898): CodeIgniter\Model->doInsert([...])
 4 SYSTEMPATH\Model.php(665): CodeIgniter\BaseModel->insert([...], true)
 5 APPPATH\Models\AuditLogModel.php(31): CodeIgniter\Model->insert([...])
 6 APPPATH\Controllers\AuthController.php(124): App\Models\AuditLogModel->log('1', 'LOGIN', 'usuarios', '1')
 7 SYSTEMPATH\CodeIgniter.php(951): App\Controllers\AuthController->attemptLogin()
 8 SYSTEMPATH\CodeIgniter.php(497): CodeIgniter\CodeIgniter->runController(Object(App\Controllers\AuthController))
 9 SYSTEMPATH\CodeIgniter.php(340): CodeIgniter\CodeIgniter->handleRequest(null, Object(Config\Cache), false)
10 SYSTEMPATH\Boot.php(417): CodeIgniter\CodeIgniter->run()
11 SYSTEMPATH\Boot.php(68): CodeIgniter\Boot::runCodeIgniter(Object(CodeIgniter\CodeIgniter))
12 FCPATH\index.php(59): CodeIgniter\Boot::bootWeb(Object(Config\Paths))
13 SYSTEMPATH\rewrite.php(44): require_once('C:\\Users\\Usuario\\Desktop\\sistema\\Nueva-carpeta\\public\\index.php')
CRITICAL - 2026-04-21 16:29:26 --> [Caused by] CodeIgniter\Database\Exceptions\DatabaseException: Unknown column 'updated_at' in 'field list'
in SYSTEMPATH\Database\MySQLi\Connection.php on line 310.
 1 SYSTEMPATH\Database\BaseConnection.php(769): CodeIgniter\Database\MySQLi\Connection->execute('INSERT INTO `audit_logs` (`user_id`, `action`, `entity_type`, `entity_id`, `old_data`, `new_data`, `ip_address`, `user_agent`, `created_at`, `updated_at`) VALUES (\'1\', \'LOGIN\', \'usuarios\', \'1\', NULL, NULL, \'::1\', \'Mozilla/5.0 (Windows NT 10.0; Win64; x64) AppleWebKit/537.36 (KHTML, like Gecko) Chrome/147.0.0.0 Safari/537.36\', \'2026-04-21 16:29:26\', \'2026-04-21 16:29:26\')')
 2 SYSTEMPATH\Database\BaseConnection.php(686): CodeIgniter\Database\BaseConnection->simpleQuery('INSERT INTO `audit_logs` (`user_id`, `action`, `entity_type`, `entity_id`, `old_data`, `new_data`, `ip_address`, `user_agent`, `created_at`, `updated_at`) VALUES (\'1\', \'LOGIN\', \'usuarios\', \'1\', NULL, NULL, \'::1\', \'Mozilla/5.0 (Windows NT 10.0; Win64; x64) AppleWebKit/537.36 (KHTML, like Gecko) Chrome/147.0.0.0 Safari/537.36\', \'2026-04-21 16:29:26\', \'2026-04-21 16:29:26\')')
 3 SYSTEMPATH\Database\BaseBuilder.php(2345): CodeIgniter\Database\BaseConnection->query('INSERT INTO `audit_logs` (`user_id`, `action`, `entity_type`, `entity_id`, `old_data`, `new_data`, `ip_address`, `user_agent`, `created_at`, `updated_at`) VALUES (:user_id:, :action:, :entity_type:, :entity_id:, :old_data:, :new_data:, :ip_address:, :user_agent:, :created_at:, :updated_at:)', [...], false)
 4 SYSTEMPATH\Model.php(356): CodeIgniter\Database\BaseBuilder->insert()
 5 SYSTEMPATH\BaseModel.php(898): CodeIgniter\Model->doInsert([...])
 6 SYSTEMPATH\Model.php(665): CodeIgniter\BaseModel->insert([...], true)
 7 APPPATH\Models\AuditLogModel.php(31): CodeIgniter\Model->insert([...])
 8 APPPATH\Controllers\AuthController.php(124): App\Models\AuditLogModel->log('1', 'LOGIN', 'usuarios', '1')
 9 SYSTEMPATH\CodeIgniter.php(951): App\Controllers\AuthController->attemptLogin()
10 SYSTEMPATH\CodeIgniter.php(497): CodeIgniter\CodeIgniter->runController(Object(App\Controllers\AuthController))
11 SYSTEMPATH\CodeIgniter.php(340): CodeIgniter\CodeIgniter->handleRequest(null, Object(Config\Cache), false)
12 SYSTEMPATH\Boot.php(417): CodeIgniter\CodeIgniter->run()
13 SYSTEMPATH\Boot.php(68): CodeIgniter\Boot::runCodeIgniter(Object(CodeIgniter\CodeIgniter))
14 FCPATH\index.php(59): CodeIgniter\Boot::bootWeb(Object(Config\Paths))
15 SYSTEMPATH\rewrite.php(44): require_once('C:\\Users\\Usuario\\Desktop\\sistema\\Nueva-carpeta\\public\\index.php')
CRITICAL - 2026-04-21 16:29:26 --> [Caused by] mysqli_sql_exception: Unknown column 'updated_at' in 'field list'
in SYSTEMPATH\Database\MySQLi\Connection.php on line 300.
 1 SYSTEMPATH\Database\MySQLi\Connection.php(300): mysqli->query('INSERT INTO `audit_logs` (`user_id`, `action`, `entity_type`, `entity_id`, `old_data`, `new_data`, `ip_address`, `user_agent`, `created_at`, `updated_at`) VALUES (\'1\', \'LOGIN\', \'usuarios\', \'1\', NULL, NULL, \'::1\', \'Mozilla/5.0 (Windows NT 10.0; Win64; x64) AppleWebKit/537.36 (KHTML, like Gecko) Chrome/147.0.0.0 Safari/537.36\', \'2026-04-21 16:29:26\', \'2026-04-21 16:29:26\')', 0)
 2 SYSTEMPATH\Database\BaseConnection.php(769): CodeIgniter\Database\MySQLi\Connection->execute('INSERT INTO `audit_logs` (`user_id`, `action`, `entity_type`, `entity_id`, `old_data`, `new_data`, `ip_address`, `user_agent`, `created_at`, `updated_at`) VALUES (\'1\', \'LOGIN\', \'usuarios\', \'1\', NULL, NULL, \'::1\', \'Mozilla/5.0 (Windows NT 10.0; Win64; x64) AppleWebKit/537.36 (KHTML, like Gecko) Chrome/147.0.0.0 Safari/537.36\', \'2026-04-21 16:29:26\', \'2026-04-21 16:29:26\')')
 3 SYSTEMPATH\Database\BaseConnection.php(686): CodeIgniter\Database\BaseConnection->simpleQuery('INSERT INTO `audit_logs` (`user_id`, `action`, `entity_type`, `entity_id`, `old_data`, `new_data`, `ip_address`, `user_agent`, `created_at`, `updated_at`) VALUES (\'1\', \'LOGIN\', \'usuarios\', \'1\', NULL, NULL, \'::1\', \'Mozilla/5.0 (Windows NT 10.0; Win64; x64) AppleWebKit/537.36 (KHTML, like Gecko) Chrome/147.0.0.0 Safari/537.36\', \'2026-04-21 16:29:26\', \'2026-04-21 16:29:26\')')
 4 SYSTEMPATH\Database\BaseBuilder.php(2345): CodeIgniter\Database\BaseConnection->query('INSERT INTO `audit_logs` (`user_id`, `action`, `entity_type`, `entity_id`, `old_data`, `new_data`, `ip_address`, `user_agent`, `created_at`, `updated_at`) VALUES (:user_id:, :action:, :entity_type:, :entity_id:, :old_data:, :new_data:, :ip_address:, :user_agent:, :created_at:, :updated_at:)', [...], false)
 5 SYSTEMPATH\Model.php(356): CodeIgniter\Database\BaseBuilder->insert()
 6 SYSTEMPATH\BaseModel.php(898): CodeIgniter\Model->doInsert([...])
 7 SYSTEMPATH\Model.php(665): CodeIgniter\BaseModel->insert([...], true)
 8 APPPATH\Models\AuditLogModel.php(31): CodeIgniter\Model->insert([...])
 9 APPPATH\Controllers\AuthController.php(124): App\Models\AuditLogModel->log('1', 'LOGIN', 'usuarios', '1')
10 SYSTEMPATH\CodeIgniter.php(951): App\Controllers\AuthController->attemptLogin()
11 SYSTEMPATH\CodeIgniter.php(497): CodeIgniter\CodeIgniter->runController(Object(App\Controllers\AuthController))
12 SYSTEMPATH\CodeIgniter.php(340): CodeIgniter\CodeIgniter->handleRequest(null, Object(Config\Cache), false)
13 SYSTEMPATH\Boot.php(417): CodeIgniter\CodeIgniter->run()
14 SYSTEMPATH\Boot.php(68): CodeIgniter\Boot::runCodeIgniter(Object(CodeIgniter\CodeIgniter))
15 FCPATH\index.php(59): CodeIgniter\Boot::bootWeb(Object(Config\Paths))
16 SYSTEMPATH\rewrite.php(44): require_once('C:\\Users\\Usuario\\Desktop\\sistema\\Nueva-carpeta\\public\\index.php')
